<?xml version="1.0" encoding="UTF-8"?>
<!-- Generated by org.testng.reporters.JUnitReportReporter -->
<testsuite hostname="LAPTOP-K8OSI52T" failures="0" tests="1" name="FrameworkTutorial.Appium_Framework.ApiDemo_TC" time="70.291" errors="0" timestamp="2022-02-09T20:47:18 IST" skipped="0">
  <testcase classname="FrameworkTutorial.Appium_Framework.ApiDemo_TC" name="Apidemo" time="70.291"/>
  <system-out/>
</testsuite> <!-- FrameworkTutorial.Appium_Framework.ApiDemo_TC -->
