<?xml version="1.0" encoding="UTF-8"?>
<!-- Generated by org.testng.reporters.JUnitReportReporter -->
<testsuite hostname="LAPTOP-K8OSI52T" failures="0" tests="1" name="FrameworkTutorial.Appium_Framework.Ecom_TC1" time="38.508" errors="0" timestamp="2022-01-25T12:06:43 IST" skipped="0">
  <testcase classname="FrameworkTutorial.Appium_Framework.Ecom_TC1" name="FrontPage" time="38.508"/>
  <system-out/>
</testsuite> <!-- FrameworkTutorial.Appium_Framework.Ecom_TC1 -->
